Determining if the pthread_create exist failed with the following output:
Change Dir: /home/lty/catkin_ws/build/tool/autolabor_keyboard_control/CMakeFiles/CMakeTmp

Run Build Command:"/usr/bin/make" "cmTC_3e7db/fast"
/usr/bin/make -f CMakeFiles/cmTC_3e7db.dir/build.make CMakeFiles/cmTC_3e7db.dir/build
make[1]: Entering directory '/home/lty/catkin_ws/build/tool/autolabor_keyboard_control/CMakeFiles/CMakeTmp'
Building C object CMakeFiles/cmTC_3e7db.dir/CheckSymbolExists.c.o
/usr/bin/cc     -o CMakeFiles/cmTC_3e7db.dir/CheckSymbolExists.c.o   -c /home/lty/catkin_ws/build/tool/autolabor_keyboard_control/CMakeFiles/CMakeTmp/CheckSymbolExists.c
Linking C executable cmTC_3e7db
/usr/bin/cmake -E cmake_link_script CMakeFiles/cmTC_3e7db.dir/link.txt --verbose=1
/usr/bin/cc       CMakeFiles/cmTC_3e7db.dir/CheckSymbolExists.c.o  -o cmTC_3e7db -rdynamic 
CMakeFiles/cmTC_3e7db.dir/CheckSymbolExists.c.o：在函数‘main’中：
CheckSymbolExists.c:(.text+0x16)：对‘pthread_create’未定义的引用
collect2: error: ld returned 1 exit status
CMakeFiles/cmTC_3e7db.dir/build.make:97: recipe for target 'cmTC_3e7db' failed
make[1]: *** [cmTC_3e7db] Error 1
make[1]: Leaving directory '/home/lty/catkin_ws/build/tool/autolabor_keyboard_control/CMakeFiles/CMakeTmp'
Makefile:126: recipe for target 'cmTC_3e7db/fast' failed
make: *** [cmTC_3e7db/fast] Error 2

File /home/lty/catkin_ws/build/tool/autolabor_keyboard_control/CMakeFiles/CMakeTmp/CheckSymbolExists.c:
/* */
#include <pthread.h>

int main(int argc, char** argv)
{
  (void)argv;
#ifndef pthread_create
  return ((int*)(&pthread_create))[argc];
#else
  (void)argc;
  return 0;
#endif
}

Determining if the function pthread_create exists in the pthreads failed with the following output:
Change Dir: /home/lty/catkin_ws/build/tool/autolabor_keyboard_control/CMakeFiles/CMakeTmp

Run Build Command:"/usr/bin/make" "cmTC_5cf52/fast"
/usr/bin/make -f CMakeFiles/cmTC_5cf52.dir/build.make CMakeFiles/cmTC_5cf52.dir/build
make[1]: Entering directory '/home/lty/catkin_ws/build/tool/autolabor_keyboard_control/CMakeFiles/CMakeTmp'
Building C object CMakeFiles/cmTC_5cf52.dir/CheckFunctionExists.c.o
/usr/bin/cc    -DCHECK_FUNCTION_EXISTS=pthread_create   -o CMakeFiles/cmTC_5cf52.dir/CheckFunctionExists.c.o   -c /usr/share/cmake-3.5/Modules/CheckFunctionExists.c
Linking C executable cmTC_5cf52
/usr/bin/cmake -E cmake_link_script CMakeFiles/cmTC_5cf52.dir/link.txt --verbose=1
/usr/bin/cc   -DCHECK_FUNCTION_EXISTS=pthread_create    CMakeFiles/cmTC_5cf52.dir/CheckFunctionExists.c.o  -o cmTC_5cf52 -rdynamic -lpthreads 
/usr/bin/ld: 找不到 -lpthreads
collect2: error: ld returned 1 exit status
CMakeFiles/cmTC_5cf52.dir/build.make:97: recipe for target 'cmTC_5cf52' failed
make[1]: *** [cmTC_5cf52] Error 1
make[1]: Leaving directory '/home/lty/catkin_ws/build/tool/autolabor_keyboard_control/CMakeFiles/CMakeTmp'
Makefile:126: recipe for target 'cmTC_5cf52/fast' failed
make: *** [cmTC_5cf52/fast] Error 2


