Determining if the pthread_create exist failed with the following output:
Change Dir: /home/lty/catkin_ws/build/CMakeFiles/CMakeTmp

Run Build Command:"/usr/bin/make" "cmTC_68780/fast"
/usr/bin/make -f CMakeFiles/cmTC_68780.dir/build.make CMakeFiles/cmTC_68780.dir/build
make[1]: Entering directory '/home/lty/catkin_ws/build/CMakeFiles/CMakeTmp'
Building C object CMakeFiles/cmTC_68780.dir/CheckSymbolExists.c.o
/usr/bin/cc     -o CMakeFiles/cmTC_68780.dir/CheckSymbolExists.c.o   -c /home/lty/catkin_ws/build/CMakeFiles/CMakeTmp/CheckSymbolExists.c
Linking C executable cmTC_68780
/usr/bin/cmake -E cmake_link_script CMakeFiles/cmTC_68780.dir/link.txt --verbose=1
/usr/bin/cc       CMakeFiles/cmTC_68780.dir/CheckSymbolExists.c.o  -o cmTC_68780 -rdynamic 
CMakeFiles/cmTC_68780.dir/CheckSymbolExists.c.o：在函数‘main’中：
CheckSymbolExists.c:(.text+0x16)：对‘pthread_create’未定义的引用
collect2: error: ld returned 1 exit status
CMakeFiles/cmTC_68780.dir/build.make:97: recipe for target 'cmTC_68780' failed
make[1]: *** [cmTC_68780] Error 1
make[1]: Leaving directory '/home/lty/catkin_ws/build/CMakeFiles/CMakeTmp'
Makefile:126: recipe for target 'cmTC_68780/fast' failed
make: *** [cmTC_68780/fast] Error 2

File /home/lty/catkin_ws/build/CMakeFiles/CMakeTmp/CheckSymbolExists.c:
/* */
#include <pthread.h>

int main(int argc, char** argv)
{
  (void)argv;
#ifndef pthread_create
  return ((int*)(&pthread_create))[argc];
#else
  (void)argc;
  return 0;
#endif
}

Determining if the function pthread_create exists in the pthreads failed with the following output:
Change Dir: /home/lty/catkin_ws/build/CMakeFiles/CMakeTmp

Run Build Command:"/usr/bin/make" "cmTC_e022b/fast"
/usr/bin/make -f CMakeFiles/cmTC_e022b.dir/build.make CMakeFiles/cmTC_e022b.dir/build
make[1]: Entering directory '/home/lty/catkin_ws/build/CMakeFiles/CMakeTmp'
Building C object CMakeFiles/cmTC_e022b.dir/CheckFunctionExists.c.o
/usr/bin/cc    -DCHECK_FUNCTION_EXISTS=pthread_create   -o CMakeFiles/cmTC_e022b.dir/CheckFunctionExists.c.o   -c /usr/share/cmake-3.5/Modules/CheckFunctionExists.c
Linking C executable cmTC_e022b
/usr/bin/cmake -E cmake_link_script CMakeFiles/cmTC_e022b.dir/link.txt --verbose=1
/usr/bin/cc   -DCHECK_FUNCTION_EXISTS=pthread_create    CMakeFiles/cmTC_e022b.dir/CheckFunctionExists.c.o  -o cmTC_e022b -rdynamic -lpthreads 
/usr/bin/ld: 找不到 -lpthreads
collect2: error: ld returned 1 exit status
CMakeFiles/cmTC_e022b.dir/build.make:97: recipe for target 'cmTC_e022b' failed
make[1]: *** [cmTC_e022b] Error 1
make[1]: Leaving directory '/home/lty/catkin_ws/build/CMakeFiles/CMakeTmp'
Makefile:126: recipe for target 'cmTC_e022b/fast' failed
make: *** [cmTC_e022b/fast] Error 2


Determining if the CL_VERSION_2_0 exist failed with the following output:
Change Dir: /home/lty/catkin_ws/build/CMakeFiles/CMakeTmp

Run Build Command:"/usr/bin/make" "cmTC_b2099/fast"
/usr/bin/make -f CMakeFiles/cmTC_b2099.dir/build.make CMakeFiles/cmTC_b2099.dir/build
make[1]: Entering directory '/home/lty/catkin_ws/build/CMakeFiles/CMakeTmp'
Building C object CMakeFiles/cmTC_b2099.dir/CheckSymbolExists.c.o
/usr/bin/cc     -o CMakeFiles/cmTC_b2099.dir/CheckSymbolExists.c.o   -c /home/lty/catkin_ws/build/CMakeFiles/CMakeTmp/CheckSymbolExists.c
/home/lty/catkin_ws/build/CMakeFiles/CMakeTmp/CheckSymbolExists.c:2:47: fatal error: OpenCL_INCLUDE_DIR-NOTFOUND/CL/cl.h: 没有那个文件或目录
compilation terminated.
CMakeFiles/cmTC_b2099.dir/build.make:65: recipe for target 'CMakeFiles/cmTC_b2099.dir/CheckSymbolExists.c.o' failed
make[1]: *** [CMakeFiles/cmTC_b2099.dir/CheckSymbolExists.c.o] Error 1
make[1]: Leaving directory '/home/lty/catkin_ws/build/CMakeFiles/CMakeTmp'
Makefile:126: recipe for target 'cmTC_b2099/fast' failed
make: *** [cmTC_b2099/fast] Error 2

File /home/lty/catkin_ws/build/CMakeFiles/CMakeTmp/CheckSymbolExists.c:
/* */
#include <OpenCL_INCLUDE_DIR-NOTFOUND/CL/cl.h>

int main(int argc, char** argv)
{
  (void)argv;
#ifndef CL_VERSION_2_0
  return ((int*)(&CL_VERSION_2_0))[argc];
#else
  (void)argc;
  return 0;
#endif
}

Determining if the CL_VERSION_1_2 exist failed with the following output:
Change Dir: /home/lty/catkin_ws/build/CMakeFiles/CMakeTmp

Run Build Command:"/usr/bin/make" "cmTC_91c55/fast"
/usr/bin/make -f CMakeFiles/cmTC_91c55.dir/build.make CMakeFiles/cmTC_91c55.dir/build
make[1]: Entering directory '/home/lty/catkin_ws/build/CMakeFiles/CMakeTmp'
Building C object CMakeFiles/cmTC_91c55.dir/CheckSymbolExists.c.o
/usr/bin/cc     -o CMakeFiles/cmTC_91c55.dir/CheckSymbolExists.c.o   -c /home/lty/catkin_ws/build/CMakeFiles/CMakeTmp/CheckSymbolExists.c
/home/lty/catkin_ws/build/CMakeFiles/CMakeTmp/CheckSymbolExists.c:2:47: fatal error: OpenCL_INCLUDE_DIR-NOTFOUND/CL/cl.h: 没有那个文件或目录
compilation terminated.
CMakeFiles/cmTC_91c55.dir/build.make:65: recipe for target 'CMakeFiles/cmTC_91c55.dir/CheckSymbolExists.c.o' failed
make[1]: *** [CMakeFiles/cmTC_91c55.dir/CheckSymbolExists.c.o] Error 1
make[1]: Leaving directory '/home/lty/catkin_ws/build/CMakeFiles/CMakeTmp'
Makefile:126: recipe for target 'cmTC_91c55/fast' failed
make: *** [cmTC_91c55/fast] Error 2

File /home/lty/catkin_ws/build/CMakeFiles/CMakeTmp/CheckSymbolExists.c:
/* */
#include <OpenCL_INCLUDE_DIR-NOTFOUND/CL/cl.h>

int main(int argc, char** argv)
{
  (void)argv;
#ifndef CL_VERSION_1_2
  return ((int*)(&CL_VERSION_1_2))[argc];
#else
  (void)argc;
  return 0;
#endif
}

Determining if the CL_VERSION_1_1 exist failed with the following output:
Change Dir: /home/lty/catkin_ws/build/CMakeFiles/CMakeTmp

Run Build Command:"/usr/bin/make" "cmTC_ade8d/fast"
/usr/bin/make -f CMakeFiles/cmTC_ade8d.dir/build.make CMakeFiles/cmTC_ade8d.dir/build
make[1]: Entering directory '/home/lty/catkin_ws/build/CMakeFiles/CMakeTmp'
Building C object CMakeFiles/cmTC_ade8d.dir/CheckSymbolExists.c.o
/usr/bin/cc     -o CMakeFiles/cmTC_ade8d.dir/CheckSymbolExists.c.o   -c /home/lty/catkin_ws/build/CMakeFiles/CMakeTmp/CheckSymbolExists.c
/home/lty/catkin_ws/build/CMakeFiles/CMakeTmp/CheckSymbolExists.c:2:47: fatal error: OpenCL_INCLUDE_DIR-NOTFOUND/CL/cl.h: 没有那个文件或目录
compilation terminated.
CMakeFiles/cmTC_ade8d.dir/build.make:65: recipe for target 'CMakeFiles/cmTC_ade8d.dir/CheckSymbolExists.c.o' failed
make[1]: *** [CMakeFiles/cmTC_ade8d.dir/CheckSymbolExists.c.o] Error 1
make[1]: Leaving directory '/home/lty/catkin_ws/build/CMakeFiles/CMakeTmp'
Makefile:126: recipe for target 'cmTC_ade8d/fast' failed
make: *** [cmTC_ade8d/fast] Error 2

File /home/lty/catkin_ws/build/CMakeFiles/CMakeTmp/CheckSymbolExists.c:
/* */
#include <OpenCL_INCLUDE_DIR-NOTFOUND/CL/cl.h>

int main(int argc, char** argv)
{
  (void)argv;
#ifndef CL_VERSION_1_1
  return ((int*)(&CL_VERSION_1_1))[argc];
#else
  (void)argc;
  return 0;
#endif
}

Determining if the CL_VERSION_1_0 exist failed with the following output:
Change Dir: /home/lty/catkin_ws/build/CMakeFiles/CMakeTmp

Run Build Command:"/usr/bin/make" "cmTC_30723/fast"
/usr/bin/make -f CMakeFiles/cmTC_30723.dir/build.make CMakeFiles/cmTC_30723.dir/build
make[1]: Entering directory '/home/lty/catkin_ws/build/CMakeFiles/CMakeTmp'
Building C object CMakeFiles/cmTC_30723.dir/CheckSymbolExists.c.o
/usr/bin/cc     -o CMakeFiles/cmTC_30723.dir/CheckSymbolExists.c.o   -c /home/lty/catkin_ws/build/CMakeFiles/CMakeTmp/CheckSymbolExists.c
/home/lty/catkin_ws/build/CMakeFiles/CMakeTmp/CheckSymbolExists.c:2:47: fatal error: OpenCL_INCLUDE_DIR-NOTFOUND/CL/cl.h: 没有那个文件或目录
compilation terminated.
CMakeFiles/cmTC_30723.dir/build.make:65: recipe for target 'CMakeFiles/cmTC_30723.dir/CheckSymbolExists.c.o' failed
make[1]: *** [CMakeFiles/cmTC_30723.dir/CheckSymbolExists.c.o] Error 1
make[1]: Leaving directory '/home/lty/catkin_ws/build/CMakeFiles/CMakeTmp'
Makefile:126: recipe for target 'cmTC_30723/fast' failed
make: *** [cmTC_30723/fast] Error 2

File /home/lty/catkin_ws/build/CMakeFiles/CMakeTmp/CheckSymbolExists.c:
/* */
#include <OpenCL_INCLUDE_DIR-NOTFOUND/CL/cl.h>

int main(int argc, char** argv)
{
  (void)argv;
#ifndef CL_VERSION_1_0
  return ((int*)(&CL_VERSION_1_0))[argc];
#else
  (void)argc;
  return 0;
#endif
}

Determining if the include file FL/Fl.H exists failed with the following output:
Change Dir: /home/lty/catkin_ws/build/CMakeFiles/CMakeTmp

Run Build Command:"/usr/bin/make" "cmTC_55a58/fast"
/usr/bin/make -f CMakeFiles/cmTC_55a58.dir/build.make CMakeFiles/cmTC_55a58.dir/build
make[1]: Entering directory '/home/lty/catkin_ws/build/CMakeFiles/CMakeTmp'
Building CXX object CMakeFiles/cmTC_55a58.dir/CheckIncludeFile.cxx.o
/usr/bin/c++      -o CMakeFiles/cmTC_55a58.dir/CheckIncludeFile.cxx.o -c /home/lty/catkin_ws/build/CMakeFiles/CMakeTmp/CheckIncludeFile.cxx
/home/lty/catkin_ws/build/CMakeFiles/CMakeTmp/CheckIncludeFile.cxx:1:19: fatal error: FL/Fl.H: 没有那个文件或目录
compilation terminated.
CMakeFiles/cmTC_55a58.dir/build.make:65: recipe for target 'CMakeFiles/cmTC_55a58.dir/CheckIncludeFile.cxx.o' failed
make[1]: *** [CMakeFiles/cmTC_55a58.dir/CheckIncludeFile.cxx.o] Error 1
make[1]: Leaving directory '/home/lty/catkin_ws/build/CMakeFiles/CMakeTmp'
Makefile:126: recipe for target 'cmTC_55a58/fast' failed
make: *** [cmTC_55a58/fast] Error 2


